# JRE version: OpenJDK Runtime Environment (14.0.2+12) (build 14.0.2+12-46)
# Java VM: OpenJDK 64-Bit Server VM (14.0.2+12-46, mixed mode, tiered, compressed oops, g1 gc, windows-amd64)
Heap:
 garbage-first heap   total 89088K, used 44803K [0x00000000c3000000, 0x0000000100000000)
  region size 1024K, 22 young (22528K), 3 survivors (3072K)
 Metaspace       used 71537K, capacity 73519K, committed 73804K, reserved 1114112K
  class space    used 8782K, capacity 9503K, committed 9548K, reserved 1048576K
GC Heap History (20 events):
Event: 47.498 GC heap before
{Heap before GC invocations=31 (full 0):
 garbage-first heap   total 99328K, used 78936K [0x00000000c3000000, 0x0000000100000000)
  region size 1024K, 57 young (58368K), 5 survivors (5120K)
 Metaspace       used 66237K, capacity 67906K, committed 68044K, reserved 1107968K
  class space    used 8183K, capacity 8810K, committed 8908K, reserved 1048576K
}
Event: 47.505 GC heap after
{Heap after GC invocations=32 (full 0):
 garbage-first heap   total 99328K, used 28280K [0x00000000c3000000, 0x0000000100000000)
  region size 1024K, 6 young (6144K), 6 survivors (6144K)
 Metaspace       used 66237K, capacity 67906K, committed 68044K, reserved 1107968K
  class space    used 8183K, capacity 8810K, committed 8908K, reserved 1048576K
}
Event: 54.493 GC heap before
{Heap before GC invocations=32 (full 0):
 garbage-first heap   total 99328K, used 81528K [0x00000000c3000000, 0x0000000100000000)
  region size 1024K, 58 young (59392K), 6 survivors (6144K)
 Metaspace       used 70155K, capacity 71988K, committed 72268K, reserved 1112064K
  class space    used 8600K, capacity 9228K, committed 9292K, reserved 1048576K
}
Event: 54.500 GC heap after
{Heap after GC invocations=33 (full 0):
 garbage-first heap   total 99328K, used 28998K [0x00000000c3000000, 0x0000000100000000)
  region size 1024K, 5 young (5120K), 5 survivors (5120K)
 Metaspace       used 70155K, capacity 71988K, committed 72268K, reserved 1112064K
  class space    used 8600K, capacity 9228K, committed 9292K, reserved 1048576K
}
Event: 279.879 GC heap before
{Heap before GC invocations=33 (full 0):
 garbage-first heap   total 99328K, used 60742K [0x00000000c3000000, 0x0000000100000000)
  region size 1024K, 37 young (37888K), 5 survivors (5120K)
 Metaspace       used 70875K, capacity 72659K, committed 72908K, reserved 1112064K
  class space    used 8705K, capacity 9341K, committed 9420K, reserved 1048576K
}
Event: 279.960 GC heap after
{Heap after GC invocations=34 (full 1):
 garbage-first heap   total 89088K, used 23475K [0x00000000c3000000, 0x0000000100000000)
  region size 1024K, 0 young (0K), 0 survivors (0K)
 Metaspace       used 70833K, capacity 72571K, committed 72908K, reserved 1112064K
  class space    used 8703K, capacity 9337K, committed 9420K, reserved 1048576K
}
Event: 280.628 GC heap before
{Heap before GC invocations=34 (full 1):
 garbage-first heap   total 89088K, used 69555K [0x00000000c3000000, 0x0000000100000000)
  region size 1024K, 46 young (47104K), 0 survivors (0K)
 Metaspace       used 70894K, capacity 72681K, committed 72908K, reserved 1112064K
  class space    used 8715K, capacity 9352K, committed 9420K, reserved 1048576K
}
Event: 280.637 GC heap after
{Heap after GC invocations=35 (full 1):
 garbage-first heap   total 89088K, used 25775K [0x00000000c3000000, 0x0000000100000000)
  region size 1024K, 3 young (3072K), 3 survivors (3072K)
 Metaspace       used 70894K, capacity 72681K, committed 72908K, reserved 1112064K
  class space    used 8715K, capacity 9352K, committed 9420K, reserved 1048576K
}
Event: 280.719 GC heap before
{Heap before GC invocations=35 (full 1):
 garbage-first heap   total 89088K, used 68783K [0x00000000c3000000, 0x0000000100000000)
  region size 1024K, 46 young (47104K), 3 survivors (3072K)
 Metaspace       used 70899K, capacity 72687K, committed 72908K, reserved 1112064K
  class space    used 8716K, capacity 9353K, committed 9420K, reserved 1048576K
}
Event: 280.724 GC heap after
{Heap after GC invocations=36 (full 1):
 garbage-first heap   total 89088K, used 26155K [0x00000000c3000000, 0x0000000100000000)
  region size 1024K, 3 young (3072K), 3 survivors (3072K)
 Metaspace       used 70899K, capacity 72687K, committed 72908K, reserved 1112064K
  class space    used 8716K, capacity 9353K, committed 9420K, reserved 1048576K
}
Event: 294.554 GC heap before
{Heap before GC invocations=36 (full 1):
 garbage-first heap   total 89088K, used 71211K [0x00000000c3000000, 0x0000000100000000)
  region size 1024K, 47 young (48128K), 3 survivors (3072K)
 Metaspace       used 71190K, capacity 72960K, committed 73164K, reserved 1114112K
  class space    used 8740K, capacity 9410K, committed 9420K, reserved 1048576K
}
Event: 294.563 GC heap after
{Heap after GC invocations=37 (full 1):
 garbage-first heap   total 89088K, used 28832K [0x00000000c3000000, 0x0000000100000000)
  region size 1024K, 6 young (6144K), 6 survivors (6144K)
 Metaspace       used 71190K, capacity 72960K, committed 73164K, reserved 1114112K
  class space    used 8740K, capacity 9410K, committed 9420K, reserved 1048576K
}
Event: 727.741 GC heap before
{Heap before GC invocations=37 (full 1):
 garbage-first heap   total 89088K, used 68768K [0x00000000c3000000, 0x0000000100000000)
  region size 1024K, 46 young (47104K), 6 survivors (6144K)
 Metaspace       used 71375K, capacity 73372K, committed 73548K, reserved 1114112K
  class space    used 8757K, capacity 9455K, committed 9548K, reserved 1048576K
}
Event: 727.817 GC heap after
{Heap after GC invocations=38 (full 1):
 garbage-first heap   total 89088K, used 29251K [0x00000000c3000000, 0x0000000100000000)
  region size 1024K, 2 young (2048K), 2 survivors (2048K)
 Metaspace       used 71375K, capacity 73372K, committed 73548K, reserved 1114112K
  class space    used 8757K, capacity 9455K, committed 9548K, reserved 1048576K
}
Event: 1024.624 GC heap before
{Heap before GC invocations=38 (full 1):
 garbage-first heap   total 89088K, used 39491K [0x00000000c3000000, 0x0000000100000000)
  region size 1024K, 13 young (13312K), 2 survivors (2048K)
 Metaspace       used 71388K, capacity 73381K, committed 73548K, reserved 1114112K
  class space    used 8759K, capacity 9458K, committed 9548K, reserved 1048576K
}
Event: 1024.759 GC heap after
{Heap after GC invocations=39 (full 2):
 garbage-first heap   total 89088K, used 23840K [0x00000000c3000000, 0x0000000100000000)
  region size 1024K, 0 young (0K), 0 survivors (0K)
 Metaspace       used 71336K, capacity 73275K, committed 73548K, reserved 1114112K
  class space    used 8756K, capacity 9450K, committed 9548K, reserved 1048576K
}
Event: 1026.005 GC heap before
{Heap before GC invocations=39 (full 2):
 garbage-first heap   total 89088K, used 69920K [0x00000000c3000000, 0x0000000100000000)
  region size 1024K, 46 young (47104K), 0 survivors (0K)
 Metaspace       used 71385K, capacity 73387K, committed 73548K, reserved 1114112K
  class space    used 8767K, capacity 9465K, committed 9548K, reserved 1048576K
}
Event: 1026.013 GC heap after
{Heap after GC invocations=40 (full 2):
 garbage-first heap   total 89088K, used 25940K [0x00000000c3000000, 0x0000000100000000)
  region size 1024K, 3 young (3072K), 3 survivors (3072K)
 Metaspace       used 71385K, capacity 73387K, committed 73548K, reserved 1114112K
  class space    used 8767K, capacity 9465K, committed 9548K, reserved 1048576K
}
Event: 1026.098 GC heap before
{Heap before GC invocations=40 (full 2):
 garbage-first heap   total 89088K, used 68948K [0x00000000c3000000, 0x0000000100000000)
  region size 1024K, 46 young (47104K), 3 survivors (3072K)
 Metaspace       used 71393K, capacity 73399K, committed 73548K, reserved 1114112K
  class space    used 8768K, capacity 9467K, committed 9548K, reserved 1048576K
}
Event: 1026.104 GC heap after
{Heap after GC invocations=41 (full 2):
 garbage-first heap   total 89088K, used 26371K [0x00000000c3000000, 0x0000000100000000)
  region size 1024K, 3 young (3072K), 3 survivors (3072K)
 Metaspace       used 71393K, capacity 73399K, committed 73548K, reserved 1114112K
  class space    used 8768K, capacity 9467K, committed 9548K, reserved 1048576K
}

